<?xml version="1.0" encoding="UTF-8"?>
<testng-results skipped="0" failed="0" total="1" passed="1">
  <reporter-output>
  </reporter-output>
  <suite name="Suite" duration-ms="33303" started-at="2019-05-27T11:22:37Z" finished-at="2019-05-27T11:23:11Z">
    <groups>
    </groups>
    <test name="Test" duration-ms="33303" started-at="2019-05-27T11:22:37Z" finished-at="2019-05-27T11:23:11Z">
      <class name="com.viasyst2.viasyst2.organisationPageTest">
        <test-method status="PASS" signature="startReport()[pri:0, instance:com.viasyst2.viasyst2.organisationPageTest@3c77d488]" name="startReport" is-config="true" duration-ms="204" started-at="2019-05-27T12:22:37Z" finished-at="2019-05-27T12:22:38Z">
          <reporter-output>
          </reporter-output>
        </test-method> <!-- startReport -->
        <test-method status="PASS" signature="login()[pri:0, instance:com.viasyst2.viasyst2.organisationPageTest@3c77d488]" name="login" is-config="true" duration-ms="3077" started-at="2019-05-27T12:22:38Z" finished-at="2019-05-27T12:22:41Z">
          <reporter-output>
          </reporter-output>
        </test-method> <!-- login -->
        <test-method status="PASS" signature="clickOnOrgansiationMainMenu()[pri:1, instance:com.viasyst2.viasyst2.organisationPageTest@3c77d488]" name="clickOnOrgansiationMainMenu" duration-ms="29434" started-at="2019-05-27T12:22:41Z" finished-at="2019-05-27T12:23:10Z">
          <reporter-output>
          </reporter-output>
        </test-method> <!-- clickOnOrgansiationMainMenu -->
        <test-method status="PASS" signature="getResult(org.testng.ITestResult)[pri:0, instance:com.viasyst2.viasyst2.organisationPageTest@3c77d488]" name="getResult" is-config="true" duration-ms="22" started-at="2019-05-27T12:23:10Z" finished-at="2019-05-27T12:23:10Z">
          <params>
            <param index="0">
              <value>
                <![CDATA[[TestResult name=clickOnOrgansiationMainMenu status=SUCCESS method=organisationPageTest.clickOnOrgansiationMainMenu()[pri:1, instance:com.viasyst2.viasyst2.organisationPageTest@3c77d488] output={null}]]]>
              </value>
            </param>
          </params>
          <reporter-output>
          </reporter-output>
        </test-method> <!-- getResult -->
        <test-method status="PASS" signature="tearDown()[pri:0, instance:com.viasyst2.viasyst2.organisationPageTest@3c77d488]" name="tearDown" is-config="true" duration-ms="534" started-at="2019-05-27T12:23:10Z" finished-at="2019-05-27T12:23:11Z">
          <reporter-output>
          </reporter-output>
        </test-method> <!-- tearDown -->
      </class> <!-- com.viasyst2.viasyst2.organisationPageTest -->
    </test> <!-- Test -->
  </suite> <!-- Suite -->
</testng-results>
